<?xml version="1.0" encoding="UTF-8"?>
<!-- Generated by org.testng.reporters.JUnitReportReporter -->
<testsuite hostname="Rasel" name="upskill.api.restAssured.GetEmployeeDetailsApiSteps" tests="1" failures="0" timestamp="11 Jun 2022 17:39:24 GMT" time="1.270" errors="0">
  <testcase name="GetAllEmployeeDetails" time="1.270" classname="upskill.api.restAssured.GetEmployeeDetailsApiSteps"/>
</testsuite> <!-- upskill.api.restAssured.GetEmployeeDetailsApiSteps -->
